<?xml version="1.0" encoding="UTF-8"?>
<testsuite name="DashboardParserTest[jvm]" tests="3" skipped="0" failures="0" errors="0" timestamp="2026-08-31T08:13:09.711Z" hostname="Joshuas-Mac-mini.local" time="0.034">
  <properties/>
  <testcase name="parsesLegacyStringMessages[jvm]" classname="com.nulljosh.talli.DashboardParserTest" time="0.032"/>
  <testcase name="parsesObjectMessagesAndFallsBackToSubjectBody[jvm]" classname="com.nulljosh.talli.DashboardParserTest" time="0.001"/>
  <testcase name="toleratesMissingAndNullFields[jvm]" classname="com.nulljosh.talli.DashboardParserTest" time="0.0"/>
  <system-out><![CDATA[]]></system-out>
  <system-err><![CDATA[]]></system-err>
</testsuite>
